{
  "RSpec": {
    "coverage": {
      "/Users/ddrucker/Desktop/GroupBuy/app/models/user.rb": [
        1,
        null,
        null,
        1,
        null,
        null,
        1,
        null,
        1,
        1,
        null,
        null,
        null,
        1,
        0,
        0,
        0,
        0,
        null,
        0,
        0,
        0,
        null,
        0,
        null,
        null,
        null,
        null,
        null,
        null,
        null,
        null,
        null,
        null,
        null,
        null
      ],
      "/Users/ddrucker/Desktop/GroupBuy/app/helpers/application_helper.rb": [
        1,
        null
      ],
      "/Users/ddrucker/Desktop/GroupBuy/app/helpers/products_helper.rb": [
        1,
        null
      ],
      "/Users/ddrucker/Desktop/GroupBuy/app/controllers/products_controller.rb": [
        1,
        1,
        10,
        10,
        10,
        null,
        null,
        1,
        3,
        null,
        1,
        0,
        null,
        1,
        2,
        null,
        null,
        1,
        1,
        1,
        1,
        1,
        1,
        1,
        1,
        0,
        0,
        null,
        1,
        1,
        null,
        null,
        null,
        1,
        1,
        1,
        null,
        null,
        1,
        1,
        1,
        1,
        1,
        1,
        1,
        null,
        null
      ],
      "/Users/ddrucker/Desktop/GroupBuy/app/controllers/application_controller.rb": [
        1,
        null,
        null,
        1,
        null
      ],
      "/Users/ddrucker/Desktop/GroupBuy/app/models/product.rb": [
        1,
        1,
        null,
        1,
        30,
        null,
        null,
        null,
        1,
        0,
        null,
        null,
        1,
        0,
        null,
        null,
        1,
        0,
        null,
        null,
        1,
        0,
        null,
        null,
        1,
        10,
        null,
        null,
        1,
        10,
        null,
        null,
        1,
        10,
        null,
        null
      ]
    },
    "timestamp": 1428622670
  },
  "Cucumber Features": {
    "coverage": {
      "/Users/ddrucker/Desktop/GroupBuy/app/models/user.rb": [
        1,
        null,
        null,
        1,
        null,
        null,
        1,
        null,
        28,
        1,
        null,
        null,
        null,
        1,
        0,
        0,
        0,
        0,
        null,
        0,
        0,
        0,
        null,
        0,
        null,
        null,
        null,
        null,
        null,
        null,
        null,
        null,
        null,
        null,
        null,
        null
      ],
      "/Users/ddrucker/Desktop/GroupBuy/app/models/product.rb": [
        1,
        1,
        null,
        1,
        0,
        null,
        null,
        null,
        1,
        0,
        null,
        null,
        1,
        0,
        null,
        null,
        1,
        0,
        null,
        null,
        1,
        0,
        null,
        null,
        1,
        0,
        null,
        null,
        1,
        0,
        null,
        null,
        1,
        0,
        null,
        null
      ],
      "/Users/ddrucker/Desktop/GroupBuy/app/controllers/products_controller.rb": [
        1,
        1,
        0,
        0,
        0,
        null,
        null,
        1,
        0,
        null,
        1,
        0,
        null,
        1,
        1,
        null,
        null,
        1,
        0,
        0,
        0,
        0,
        0,
        0,
        0,
        0,
        0,
        null,
        0,
        0,
        null,
        null,
        null,
        1,
        1,
        0,
        null,
        null,
        1,
        0,
        0,
        0,
        0,
        0,
        0,
        null,
        null
      ],
      "/Users/ddrucker/Desktop/GroupBuy/app/controllers/application_controller.rb": [
        1,
        null,
        null,
        1,
        null
      ],
      "/Users/ddrucker/Desktop/GroupBuy/app/helpers/application_helper.rb": [
        1,
        null
      ],
      "/Users/ddrucker/Desktop/GroupBuy/app/helpers/products_helper.rb": [
        1,
        1,
        0,
        0,
        0,
        0,
        0,
        null,
        null,
        null
      ]
    },
    "timestamp": 1428625142
  }
}
